Started by GitHub push by mahdikheirkhah
19:45:22 Connecting to https://api.github.com using mahdikheirkhah/****** (multi branch for buy-02)
Obtained Jenkinsfile from 878cc279d2c634c14e6284e6ec14f6ec01215a23
[Pipeline] Start of Pipeline
[Pipeline] node
Running on Jenkins
 in /var/jenkins_home/workspace/buy-01-multibranch_main
[Pipeline] {
[Pipeline] stage
[Pipeline] { (Declarative: Checkout SCM)
[Pipeline] checkout
The recommended git tool is: git
using credential multi-branch-github
 > git rev-parse --resolve-git-dir /var/jenkins_home/workspace/buy-01-multibranch_main/.git # timeout=10
Fetching changes from the remote Git repository
 > git config remote.origin.url https://github.com/mahdikheirkhah/buy-01.git # timeout=10
Fetching without tags
Fetching upstream changes from https://github.com/mahdikheirkhah/buy-01.git
 > git --version # timeout=10
 > git --version # 'git version 2.47.3'
using GIT_ASKPASS to set credentials multi branch for buy-02
 > git fetch --no-tags --force --progress -- https://github.com/mahdikheirkhah/buy-01.git +refs/heads/main:refs/remotes/origin/main # timeout=10
Checking out Revision 878cc279d2c634c14e6284e6ec14f6ec01215a23 (main)
 > git config core.sparsecheckout # timeout=10
 > git checkout -f 878cc279d2c634c14e6284e6ec14f6ec01215a23 # timeout=10
Commit message: "files: last changes"
 > git rev-list --no-walk 20971d83399e782791eb55cee60c138c0c7bb56a # timeout=10
[Pipeline] }
[Pipeline] // stage
[Pipeline] withEnv
[Pipeline] {
[Pipeline] withCredentials
Masking supported pattern matches of $GITHUB_TOKEN or $GITHUB_TOKEN_PSW
[Pipeline] {
[Pipeline] withEnv
[Pipeline] {
[Pipeline] timeout
Timeout set to expire in 2 hr 0 min
[Pipeline] {
[Pipeline] timestamps
[Pipeline] {
[Pipeline] ansiColor
[Pipeline] {
19:45:39  
[Pipeline] stage
[Pipeline] { (‚è≥ Initialization)
[Pipeline] script
[Pipeline] {
[Pipeline] echo
19:45:39  ==========================================
[Pipeline] echo
19:45:39  üöÄ Buy-01 E-Commerce CI/CD Pipeline
[Pipeline] echo
19:45:39  ==========================================
[Pipeline] echo
19:45:39  Branch: main
[Pipeline] echo
19:45:39  Build: #80
[Pipeline] echo
19:45:39  Image Tag: 80
[Pipeline] echo
19:45:39  Run Tests: true
[Pipeline] echo
19:45:39  Run Integration Tests: false
[Pipeline] echo
19:45:39  Deploy Locally: true
[Pipeline] echo
19:45:39  ==========================================
[Pipeline] }
[Pipeline] // script
[Pipeline] }
[Pipeline] // stage
[Pipeline] stage
[Pipeline] { (üì• Checkout)
[Pipeline] echo
19:45:39  üì• Checking out branch: main
[Pipeline] checkout
19:45:39  The recommended git tool is: git
19:45:39  using credential gitea-credentials
19:45:39   > git rev-parse --resolve-git-dir /var/jenkins_home/workspace/buy-01-multibranch_main/.git # timeout=10
19:45:39  Fetching changes from the remote Git repository
19:45:39   > git config remote.origin.url https://01.gritlab.ax/git/mkheirkh/buy-01.git # timeout=10
19:45:39  Fetching upstream changes from https://01.gritlab.ax/git/mkheirkh/buy-01.git
19:45:39   > git --version # timeout=10
19:45:39   > git --version # 'git version 2.47.3'
19:45:39  using GIT_ASKPASS to set credentials Gitea Access Token for Buy-01
19:45:39   > git fetch --tags --force --progress -- https://01.gritlab.ax/git/mkheirkh/buy-01.git +refs/heads/*:refs/remotes/origin/* # timeout=10
19:45:39   > git rev-parse refs/remotes/origin/main^{commit} # timeout=10
19:45:39  Checking out Revision 878cc279d2c634c14e6284e6ec14f6ec01215a23 (refs/remotes/origin/main)
19:45:39   > git config core.sparsecheckout # timeout=10
19:45:39   > git checkout -f 878cc279d2c634c14e6284e6ec14f6ec01215a23 # timeout=10
19:45:39  Commit message: "files: last changes"
19:45:40   > git rev-list --no-walk 20971d83399e782791eb55cee60c138c0c7bb56a # timeout=10
[Pipeline] echo
19:45:40  ‚úÖ Checkout completed from Gitea
[Pipeline] sh
19:45:41  + git log --oneline -5
19:45:41  878cc27 files: last changes
19:45:41  20971d8 fix(test): use cd instead of -w flag to avoid @ character path issues
19:45:41  a1c555d fix(test): exclude @tmp workspace directories and run npm as root to fix permission errors
19:45:41  9590510 fix(test): use node:22-alpine with chromium instead of chrome-only image for npm tests
19:45:41  555fc9b fix(sonar): add explicit coverage file verification with detailed error reporting
[Pipeline] }
[Pipeline] // stage
[Pipeline] stage
[Pipeline] { (üöÄ Start SonarQube Early)
[Pipeline] script
[Pipeline] {
[Pipeline] echo
19:45:41  üöÄ Starting SonarQube service early (before tests)...
[Pipeline] sh
19:45:41  ‚úÖ SonarQube is already running
[Pipeline] }
[Pipeline] // script
[Pipeline] }
[Pipeline] // stage
[Pipeline] stage
[Pipeline] { (üèóÔ∏è Build)
[Pipeline] parallel
[Pipeline] { (Branch: Backend Build)
[Pipeline] { (Branch: Frontend Build)
[Pipeline] stage
[Pipeline] { (Backend Build)
[Pipeline] stage
[Pipeline] { (Frontend Build)
[Pipeline] script
[Pipeline] {
[Pipeline] echo
19:45:41  üèóÔ∏è Building backend microservices...
[Pipeline] sh
[Pipeline] script
[Pipeline] {
[Pipeline] echo
19:45:42  üèóÔ∏è Building frontend...
[Pipeline] sh
19:45:42  + docker run --rm --volumes-from jenkins-cicd -w /var/jenkins_home/workspace/buy-01-multibranch_main/backend -v jenkins_m2_cache:/root/.m2 -v /var/run/docker.sock:/var/run/docker.sock -e TESTCONTAINERS_RYUK_DISABLED=true --network host maven:3.9.6-amazoncorretto-17 mvn clean install -B -DskipTests
19:45:42  + export NODE_OPTIONS=--max-old-space-size=4096
19:45:42  + docker run --rm --volumes-from jenkins-cicd -w /var/jenkins_home/workspace/buy-01-multibranch_main/frontend -e NODE_OPTIONS=--max-old-space-size=4096 node:22 sh -c npm install --legacy-peer-deps && npm run build
19:45:45  
19:45:45  up to date, audited 558 packages in 2s
19:45:45  
19:45:45  108 packages are looking for funding
19:45:45    run `npm fund` for details
19:45:45  
19:45:45  found 0 vulnerabilities
19:45:45  npm notice
19:45:45  npm notice New major version of npm available! 10.9.4 -> 11.8.0
19:45:45  npm notice Changelog: https://github.com/npm/cli/releases/tag/v11.8.0
19:45:45  npm notice To update run: npm install -g npm@11.8.0
19:45:45  npm notice
19:45:45  
19:45:45  > frontend@0.0.0 build
19:45:45  > ng build
19:45:45  
19:45:46  [INFO] Scanning for projects...
19:45:46  [INFO] ------------------------------------------------------------------------
19:45:46  [INFO] Reactor Build Order:
19:45:46  [INFO] 
19:45:46  [INFO] backend                                                            [pom]
19:45:46  [INFO] common                                                             [jar]
19:45:46  [INFO] discovery-service                                                  [jar]
19:45:46  [INFO] API Gateway                                                        [jar]
19:45:46  [INFO] user-service                                                       [jar]
19:45:46  [INFO] product-service                                                    [jar]
19:45:46  [INFO] media-service                                                      [jar]
19:45:46  [INFO] dummy-data                                                         [jar]
19:45:46  [INFO] 
19:45:46  [INFO] ------------------------< com.backend:backend >-------------------------
19:45:46  [INFO] Building backend 0.0.1-SNAPSHOT                                    [1/8]
19:45:46  [INFO]   from pom.xml
19:45:46  [INFO] --------------------------------[ pom ]---------------------------------
19:45:46  [INFO] 
19:45:46  [INFO] --- clean:3.2.0:clean (default-clean) @ backend ---
19:45:46  [INFO] Deleting /var/jenkins_home/workspace/buy-01-multibranch_main/backend/target
19:45:46  [INFO] 
19:45:46  [INFO] --- jacoco:0.8.11:prepare-agent (prepare-agent) @ backend ---
19:45:46  [INFO] argLine set to -javaagent:/root/.m2/repository/org/jacoco/org.jacoco.agent/0.8.11/org.jacoco.agent-0.8.11-runtime.jar=destfile=/var/jenkins_home/workspace/buy-01-multibranch_main/backend/target/jacoco.exec
19:45:46  [INFO] 
19:45:46  [INFO] --- jacoco:0.8.11:report (report) @ backend ---
19:45:46  [INFO] Skipping JaCoCo execution due to missing execution data file.
19:45:46  [INFO] 
19:45:46  [INFO] --- install:3.1.1:install (default-install) @ backend ---
19:45:46  [INFO] Installing /var/jenkins_home/workspace/buy-01-multibranch_main/backend/pom.xml to /root/.m2/repository/com/backend/backend/0.0.1-SNAPSHOT/backend-0.0.1-SNAPSHOT.pom
19:45:46  [INFO] 
19:45:46  [INFO] -------------------------< com.backend:common >-------------------------
19:45:46  [INFO] Building common 0.0.1-SNAPSHOT                                     [2/8]
19:45:46  [INFO]   from common/pom.xml
19:45:46  [INFO] --------------------------------[ jar ]---------------------------------
19:45:47  [INFO] 
19:45:47  [INFO] --- clean:3.2.0:clean (default-clean) @ common ---
19:45:47  [INFO] Deleting /var/jenkins_home/workspace/buy-01-multibranch_main/backend/common/target
19:45:47  [INFO] 
19:45:47  [INFO] --- jacoco:0.8.11:prepare-agent (prepare-agent) @ common ---
19:45:47  [INFO] argLine set to -javaagent:/root/.m2/repository/org/jacoco/org.jacoco.agent/0.8.11/org.jacoco.agent-0.8.11-runtime.jar=destfile=/var/jenkins_home/workspace/buy-01-multibranch_main/backend/common/target/jacoco.exec
19:45:47  [INFO] 
19:45:47  [INFO] --- resources:3.3.1:resources (default-resources) @ common ---
19:45:47  [WARNING] Using platform encoding (UTF-8 actually) to copy filtered resources, i.e. build is platform dependent!
19:45:47  [INFO] Copying 1 resource from src/main/resources to target/classes
19:45:47  [INFO] 
19:45:47  [INFO] --- compiler:3.13.0:compile (default-compile) @ common ---
19:45:47  ‚ùØ Building...
19:45:48  [INFO] Recompiling the module because of changed source code.
19:45:48  [INFO] Compiling 10 source files with javac [debug release 17] to target/classes
19:45:51  [INFO] 
19:45:51  [INFO] --- resources:3.3.1:testResources (default-testResources) @ common ---
19:45:51  [WARNING] Using platform encoding (UTF-8 actually) to copy filtered resources, i.e. build is platform dependent!
19:45:51  [INFO] skip non existing resourceDirectory /var/jenkins_home/workspace/buy-01-multibranch_main/backend/common/src/test/resources
19:45:51  [INFO] 
19:45:51  [INFO] --- compiler:3.13.0:testCompile (default-testCompile) @ common ---
19:45:51  [INFO] No sources to compile
19:45:51  [INFO] 
19:45:51  [INFO] --- surefire:3.2.2:test (default-test) @ common ---
19:45:51  [INFO] Tests are skipped.
19:45:51  [INFO] 
19:45:51  [INFO] --- jacoco:0.8.11:report (report) @ common ---
19:45:51  [INFO] Skipping JaCoCo execution due to missing execution data file.
19:45:51  [INFO] 
19:45:51  [INFO] --- jar:3.3.0:jar (default-jar) @ common ---
19:45:51  [INFO] Building jar: /var/jenkins_home/workspace/buy-01-multibranch_main/backend/common/target/common-0.0.1-SNAPSHOT.jar
19:45:52  [INFO] 
19:45:52  [INFO] --- install:3.1.1:install (default-install) @ common ---
19:45:52  [INFO] Installing /var/jenkins_home/workspace/buy-01-multibranch_main/backend/common/pom.xml to /root/.m2/repository/com/backend/common/0.0.1-SNAPSHOT/common-0.0.1-SNAPSHOT.pom
19:45:52  [INFO] Installing /var/jenkins_home/workspace/buy-01-multibranch_main/backend/common/target/common-0.0.1-SNAPSHOT.jar to /root/.m2/repository/com/backend/common/0.0.1-SNAPSHOT/common-0.0.1-SNAPSHOT.jar
19:45:52  [INFO] 
19:45:52  [INFO] -------------------< com.backend:discovery-service >--------------------
19:45:52  [INFO] Building discovery-service 0.0.1-SNAPSHOT                          [3/8]
19:45:52  [INFO]   from discovery-service/pom.xml
19:45:52  [INFO] --------------------------------[ jar ]---------------------------------
19:45:52  [INFO] 
19:45:52  [INFO] --- clean:3.2.0:clean (default-clean) @ discovery-service ---
19:45:52  [INFO] Deleting /var/jenkins_home/workspace/buy-01-multibranch_main/backend/discovery-service/target
19:45:52  [INFO] 
19:45:52  [INFO] --- jacoco:0.8.11:prepare-agent (prepare-agent) @ discovery-service ---
19:45:52  [INFO] argLine set to -javaagent:/root/.m2/repository/org/jacoco/org.jacoco.agent/0.8.11/org.jacoco.agent-0.8.11-runtime.jar=destfile=/var/jenkins_home/workspace/buy-01-multibranch_main/backend/discovery-service/target/jacoco.exec
19:45:52  [INFO] 
19:45:52  [INFO] --- resources:3.3.1:resources (default-resources) @ discovery-service ---
19:45:52  [WARNING] Using platform encoding (UTF-8 actually) to copy filtered resources, i.e. build is platform dependent!
19:45:52  [INFO] Copying 4 resources from src/main/resources to target/classes
19:45:52  [INFO] 
19:45:52  [INFO] --- compiler:3.13.0:compile (default-compile) @ discovery-service ---
19:45:52  [INFO] Recompiling the module because of changed dependency.
19:45:52  [INFO] Compiling 2 source files with javac [debug release 17] to target/classes
19:45:53  [INFO] 
19:45:53  [INFO] --- resources:3.3.1:testResources (default-testResources) @ discovery-service ---
19:45:53  [WARNING] Using platform encoding (UTF-8 actually) to copy filtered resources, i.e. build is platform dependent!
19:45:53  [INFO] skip non existing resourceDirectory /var/jenkins_home/workspace/buy-01-multibranch_main/backend/discovery-service/src/test/resources
19:45:53  [INFO] 
19:45:53  [INFO] --- compiler:3.13.0:testCompile (default-testCompile) @ discovery-service ---
19:45:53  [INFO] Recompiling the module because of changed dependency.
19:45:53  [INFO] Compiling 1 source file with javac [debug release 17] to target/test-classes
19:45:53  [INFO] 
19:45:53  [INFO] --- surefire:3.2.2:test (default-test) @ discovery-service ---
19:45:53  [INFO] Tests are skipped.
19:45:53  [INFO] 
19:45:53  [INFO] --- jacoco:0.8.11:report (report) @ discovery-service ---
19:45:53  [INFO] Skipping JaCoCo execution due to missing execution data file.
19:45:53  [INFO] 
19:45:53  [INFO] --- jar:3.3.0:jar (default-jar) @ discovery-service ---
19:45:53  [INFO] Building jar: /var/jenkins_home/workspace/buy-01-multibranch_main/backend/discovery-service/target/discovery-service-0.0.1-SNAPSHOT.jar
19:45:53  [INFO] 
19:45:53  [INFO] --- spring-boot:3.2.8:repackage (default) @ discovery-service ---
19:45:54  [INFO] Replacing main artifact /var/jenkins_home/workspace/buy-01-multibranch_main/backend/discovery-service/target/discovery-service-0.0.1-SNAPSHOT.jar with repackaged archive, adding nested dependencies in BOOT-INF/.
19:45:54  [INFO] The original artifact has been renamed to /var/jenkins_home/workspace/buy-01-multibranch_main/backend/discovery-service/target/discovery-service-0.0.1-SNAPSHOT.jar.original
19:45:54  [INFO] 
19:45:54  [INFO] --- install:3.1.1:install (default-install) @ discovery-service ---
19:45:54  [INFO] Installing /var/jenkins_home/workspace/buy-01-multibranch_main/backend/discovery-service/pom.xml to /root/.m2/repository/com/backend/discovery-service/0.0.1-SNAPSHOT/discovery-service-0.0.1-SNAPSHOT.pom
19:45:54  [INFO] Installing /var/jenkins_home/workspace/buy-01-multibranch_main/backend/discovery-service/target/discovery-service-0.0.1-SNAPSHOT.jar to /root/.m2/repository/com/backend/discovery-service/0.0.1-SNAPSHOT/discovery-service-0.0.1-SNAPSHOT.jar
19:45:54  [INFO] 
19:45:54  [INFO] ----------------------< com.backend:api-gateway >-----------------------
19:45:54  [INFO] Building API Gateway 0.0.1-SNAPSHOT                                [4/8]
19:45:54  [INFO]   from api-gateway/pom.xml
19:45:54  [INFO] --------------------------------[ jar ]---------------------------------
19:45:55  [INFO] 
19:45:55  [INFO] --- clean:3.2.0:clean (default-clean) @ api-gateway ---
19:45:55  [INFO] Deleting /var/jenkins_home/workspace/buy-01-multibranch_main/backend/api-gateway/target
19:45:55  [INFO] 
19:45:55  [INFO] --- jacoco:0.8.11:prepare-agent (prepare-agent) @ api-gateway ---
19:45:55  [INFO] argLine set to -javaagent:/root/.m2/repository/org/jacoco/org.jacoco.agent/0.8.11/org.jacoco.agent-0.8.11-runtime.jar=destfile=/var/jenkins_home/workspace/buy-01-multibranch_main/backend/api-gateway/target/jacoco.exec
19:45:55  [INFO] 
19:45:55  [INFO] --- resources:3.3.1:resources (default-resources) @ api-gateway ---
19:45:55  [WARNING] Using platform encoding (UTF-8 actually) to copy filtered resources, i.e. build is platform dependent!
19:45:55  [INFO] Copying 4 resources from src/main/resources to target/classes
19:45:55  [INFO] 
19:45:55  [INFO] --- compiler:3.13.0:compile (default-compile) @ api-gateway ---
19:45:55  [INFO] Recompiling the module because of changed dependency.
19:45:55  [INFO] Compiling 9 source files with javac [debug release 17] to target/classes
19:45:57  [INFO] 
19:45:57  [INFO] --- resources:3.3.1:testResources (default-testResources) @ api-gateway ---
19:45:57  [WARNING] Using platform encoding (UTF-8 actually) to copy filtered resources, i.e. build is platform dependent!
19:45:57  [INFO] skip non existing resourceDirectory /var/jenkins_home/workspace/buy-01-multibranch_main/backend/api-gateway/src/test/resources
19:45:57  [INFO] 
19:45:57  [INFO] --- compiler:3.13.0:testCompile (default-testCompile) @ api-gateway ---
19:45:57  [INFO] Recompiling the module because of changed dependency.
19:45:57  [INFO] Compiling 1 source file with javac [debug release 17] to target/test-classes
19:45:57  [INFO] 
19:45:57  [INFO] --- surefire:3.2.2:test (default-test) @ api-gateway ---
19:45:57  [INFO] Tests are skipped.
19:45:57  [INFO] 
19:45:57  [INFO] --- jacoco:0.8.11:report (report) @ api-gateway ---
19:45:57  [INFO] Skipping JaCoCo execution due to missing execution data file.
19:45:57  [INFO] 
19:45:57  [INFO] --- jar:3.3.0:jar (default-jar) @ api-gateway ---
19:45:57  [INFO] Building jar: /var/jenkins_home/workspace/buy-01-multibranch_main/backend/api-gateway/target/api-gateway-0.0.1-SNAPSHOT.jar
19:45:57  [INFO] 
19:45:57  [INFO] --- spring-boot:3.2.8:repackage (default) @ api-gateway ---
19:45:58  [INFO] Replacing main artifact /var/jenkins_home/workspace/buy-01-multibranch_main/backend/api-gateway/target/api-gateway-0.0.1-SNAPSHOT.jar with repackaged archive, adding nested dependencies in BOOT-INF/.
19:45:58  [INFO] The original artifact has been renamed to /var/jenkins_home/workspace/buy-01-multibranch_main/backend/api-gateway/target/api-gateway-0.0.1-SNAPSHOT.jar.original
19:45:58  [INFO] 
19:45:58  [INFO] --- install:3.1.1:install (default-install) @ api-gateway ---
19:45:58  [INFO] Installing /var/jenkins_home/workspace/buy-01-multibranch_main/backend/api-gateway/pom.xml to /root/.m2/repository/com/backend/api-gateway/0.0.1-SNAPSHOT/api-gateway-0.0.1-SNAPSHOT.pom
19:45:58  [INFO] Installing /var/jenkins_home/workspace/buy-01-multibranch_main/backend/api-gateway/target/api-gateway-0.0.1-SNAPSHOT.jar to /root/.m2/repository/com/backend/api-gateway/0.0.1-SNAPSHOT/api-gateway-0.0.1-SNAPSHOT.jar
19:45:58  [INFO] 
19:45:58  [INFO] ----------------------< com.backend:user-service >----------------------
19:45:58  [INFO] Building user-service 0.0.1-SNAPSHOT                               [5/8]
19:45:58  [INFO]   from user-service/pom.xml
19:45:58  [INFO] --------------------------------[ jar ]---------------------------------
19:45:58  [INFO] 
19:45:58  [INFO] --- clean:3.2.0:clean (default-clean) @ user-service ---
19:45:58  [INFO] Deleting /var/jenkins_home/workspace/buy-01-multibranch_main/backend/user-service/target
19:45:58  [INFO] 
19:45:58  [INFO] --- jacoco:0.8.11:prepare-agent (prepare-agent) @ user-service ---
19:45:58  [INFO] argLine set to -javaagent:/root/.m2/repository/org/jacoco/org.jacoco.agent/0.8.11/org.jacoco.agent-0.8.11-runtime.jar=destfile=/var/jenkins_home/workspace/buy-01-multibranch_main/backend/user-service/target/jacoco.exec
19:45:58  [INFO] 
19:45:58  [INFO] --- resources:3.3.1:resources (default-resources) @ user-service ---
19:45:58  [WARNING] Using platform encoding (UTF-8 actually) to copy filtered resources, i.e. build is platform dependent!
19:45:58  [INFO] Copying 4 resources from src/main/resources to target/classes
19:45:58  [INFO] 
19:45:58  [INFO] --- compiler:3.11.0:compile (default-compile) @ user-service ---
19:45:58  [INFO] Changes detected - recompiling the module! :dependency
19:45:58  [INFO] Compiling 14 source files with javac [debug release 17] to target/classes
19:45:59  ‚úî Building...
19:45:59  Initial chunk files   | Names         |  Raw size | Estimated transfer size
19:45:59  main-2JCW7MR7.js      | main          | 933.96 kB |               191.69 kB
19:45:59  styles-Q77YOUOS.css   | styles        |  96.44 kB |                 7.22 kB
19:45:59  polyfills-5CFQRCPP.js | polyfills     |  34.59 kB |                11.33 kB
19:45:59  
19:45:59                        | Initial total |   1.06 MB |               210.24 kB
19:45:59  
19:45:59  Application bundle generation complete. [10.750 seconds] - 2026-01-26T17:45:58.464Z
19:45:59  
19:45:59  ‚ñ≤ [WARNING] NG8113: EditProductModal is not used within the template of ProductCard [plugin angular-compiler]
19:45:59  
19:45:59      src/app/components/product-card/product-card.ts:25:4:
19:45:59        25 ‚îÇ     EditProductModal
19:45:59           ‚ïµ     ~~~~~~~~~~~~~~~~
19:45:59  
19:45:59  
19:45:59  ‚ñ≤ [WARNING] NG8113: RouterLink is not used within the template of CreateProduct [plugin angular-compiler]
19:45:59  
19:45:59      src/app/pages/create-product/create-product.ts:19:4:
19:45:59        19 ‚îÇ     RouterLink,
19:45:59           ‚ïµ     ~~~~~~~~~~
19:45:59  
19:45:59  
19:45:59  ‚ñ≤ [WARNING] NG8113: PasswordConfirmDialog is not used within the template of MyInfo [plugin angular-compiler]
19:45:59  
19:45:59      src/app/pages/my-info/my-info.ts:32:4:
19:45:59        32 ‚îÇ     PasswordConfirmDialog,
19:45:59           ‚ïµ     ~~~~~~~~~~~~~~~~~~~~~
19:45:59  
19:45:59  
19:45:59  ‚ñ≤ [WARNING] NG8113: ConfirmDialog is not used within the template of MyInfo [plugin angular-compiler]
19:45:59  
19:45:59      src/app/pages/my-info/my-info.ts:33:4:
19:45:59        33 ‚îÇ     ConfirmDialog,
19:45:59           ‚ïµ     ~~~~~~~~~~~~~
19:45:59  
19:45:59  
19:45:59  Output location: /var/jenkins_home/workspace/buy-01-multibranch_main/frontend/dist/frontend
19:45:59  
19:45:59  + [ -d /var/jenkins_home/workspace/buy-01-multibranch_main/frontend/dist ]
19:45:59  + echo ‚úÖ Frontend dist created
19:45:59  ‚úÖ Frontend dist created
[Pipeline] }
[Pipeline] // script
[Pipeline] }
[Pipeline] // stage
[Pipeline] }
19:46:02  [WARNING] /var/jenkins_home/workspace/buy-01-multibranch_main/backend/user-service/src/main/java/com/backend/user_service/repository/UserMapper.java:[12,10] Unmapped target properties: "id, password, role, avatarUrl".
19:46:02  [INFO] 
19:46:02  [INFO] --- resources:3.3.1:testResources (default-testResources) @ user-service ---
19:46:02  [WARNING] Using platform encoding (UTF-8 actually) to copy filtered resources, i.e. build is platform dependent!
19:46:02  [INFO] Copying 2 resources from src/test/resources to target/test-classes
19:46:02  [INFO] 
19:46:02  [INFO] --- compiler:3.11.0:testCompile (default-testCompile) @ user-service ---
19:46:02  [INFO] Changes detected - recompiling the module! :dependency
19:46:02  [INFO] Compiling 5 source files with javac [debug release 17] to target/test-classes
19:46:03  [INFO] /var/jenkins_home/workspace/buy-01-multibranch_main/backend/user-service/src/test/java/com/backend/user_service/service/UserServiceUnitTest.java: Some input files use unchecked or unsafe operations.
19:46:03  [INFO] /var/jenkins_home/workspace/buy-01-multibranch_main/backend/user-service/src/test/java/com/backend/user_service/service/UserServiceUnitTest.java: Recompile with -Xlint:unchecked for details.
19:46:03  [INFO] 
19:46:03  [INFO] --- surefire:3.2.2:test (default-test) @ user-service ---
19:46:03  [INFO] Tests are skipped.
19:46:03  [INFO] 
19:46:03  [INFO] --- jacoco:0.8.11:report (report) @ user-service ---
19:46:03  [INFO] Skipping JaCoCo execution due to missing execution data file.
19:46:03  [INFO] 
19:46:03  [INFO] --- jar:3.3.0:jar (default-jar) @ user-service ---
19:46:03  [INFO] Building jar: /var/jenkins_home/workspace/buy-01-multibranch_main/backend/user-service/target/user-service-0.0.1-SNAPSHOT.jar
19:46:03  [INFO] 
19:46:03  [INFO] --- spring-boot:3.2.8:repackage (default) @ user-service ---
19:46:04  [INFO] Replacing main artifact /var/jenkins_home/workspace/buy-01-multibranch_main/backend/user-service/target/user-service-0.0.1-SNAPSHOT.jar with repackaged archive, adding nested dependencies in BOOT-INF/.
19:46:04  [INFO] The original artifact has been renamed to /var/jenkins_home/workspace/buy-01-multibranch_main/backend/user-service/target/user-service-0.0.1-SNAPSHOT.jar.original
19:46:04  [INFO] 
19:46:04  [INFO] --- install:3.1.1:install (default-install) @ user-service ---
19:46:04  [INFO] Installing /var/jenkins_home/workspace/buy-01-multibranch_main/backend/user-service/pom.xml to /root/.m2/repository/com/backend/user-service/0.0.1-SNAPSHOT/user-service-0.0.1-SNAPSHOT.pom
19:46:04  [INFO] Installing /var/jenkins_home/workspace/buy-01-multibranch_main/backend/user-service/target/user-service-0.0.1-SNAPSHOT.jar to /root/.m2/repository/com/backend/user-service/0.0.1-SNAPSHOT/user-service-0.0.1-SNAPSHOT.jar
19:46:04  [INFO] 
19:46:04  [INFO] --------------------< com.backend:product-service >---------------------
19:46:04  [INFO] Building product-service 0.0.1-SNAPSHOT                            [6/8]
19:46:04  [INFO]   from product-service/pom.xml
19:46:04  [INFO] --------------------------------[ jar ]---------------------------------
19:46:04  [INFO] 
19:46:04  [INFO] --- clean:3.2.0:clean (default-clean) @ product-service ---
19:46:04  [INFO] Deleting /var/jenkins_home/workspace/buy-01-multibranch_main/backend/product-service/target
19:46:04  [INFO] 
19:46:04  [INFO] --- jacoco:0.8.11:prepare-agent (prepare-agent) @ product-service ---
19:46:04  [INFO] argLine set to -javaagent:/root/.m2/repository/org/jacoco/org.jacoco.agent/0.8.11/org.jacoco.agent-0.8.11-runtime.jar=destfile=/var/jenkins_home/workspace/buy-01-multibranch_main/backend/product-service/target/jacoco.exec
19:46:04  [INFO] 
19:46:04  [INFO] --- resources:3.3.1:resources (default-resources) @ product-service ---
19:46:04  [WARNING] Using platform encoding (UTF-8 actually) to copy filtered resources, i.e. build is platform dependent!
19:46:04  [INFO] Copying 4 resources from src/main/resources to target/classes
19:46:04  [INFO] 
19:46:04  [INFO] --- compiler:3.11.0:compile (default-compile) @ product-service ---
19:46:04  [INFO] Changes detected - recompiling the module! :dependency
19:46:04  [INFO] Compiling 15 source files with javac [debug release 17] to target/classes
19:46:07  [WARNING] /var/jenkins_home/workspace/buy-01-multibranch_main/backend/product-service/src/main/java/com/backend/product_service/service/ProductMapper.java:[14,10] Unmapped target properties: "id, sellerID, createdAt, updatedAt".
19:46:07  [INFO] 
19:46:07  [INFO] --- resources:3.3.1:testResources (default-testResources) @ product-service ---
19:46:07  [WARNING] Using platform encoding (UTF-8 actually) to copy filtered resources, i.e. build is platform dependent!
19:46:07  [INFO] Copying 1 resource from src/test/resources to target/test-classes
19:46:07  [INFO] 
19:46:07  [INFO] --- compiler:3.11.0:testCompile (default-testCompile) @ product-service ---
19:46:07  [INFO] Changes detected - recompiling the module! :dependency
19:46:07  [INFO] Compiling 5 source files with javac [debug release 17] to target/test-classes
19:46:08  [INFO] /var/jenkins_home/workspace/buy-01-multibranch_main/backend/product-service/src/test/java/com/backend/product_service/TestKafkaConfig.java: Some input files use unchecked or unsafe operations.
19:46:08  [INFO] /var/jenkins_home/workspace/buy-01-multibranch_main/backend/product-service/src/test/java/com/backend/product_service/TestKafkaConfig.java: Recompile with -Xlint:unchecked for details.
19:46:08  [INFO] 
19:46:08  [INFO] --- surefire:3.2.2:test (default-test) @ product-service ---
19:46:08  [INFO] Tests are skipped.
19:46:08  [INFO] 
19:46:08  [INFO] --- jacoco:0.8.11:report (report) @ product-service ---
19:46:08  [INFO] Skipping JaCoCo execution due to missing execution data file.
19:46:08  [INFO] 
19:46:08  [INFO] --- jar:3.3.0:jar (default-jar) @ product-service ---
19:46:08  [INFO] Building jar: /var/jenkins_home/workspace/buy-01-multibranch_main/backend/product-service/target/product-service-0.0.1-SNAPSHOT.jar
19:46:08  [INFO] 
19:46:08  [INFO] --- spring-boot:3.2.8:repackage (default) @ product-service ---
19:46:09  [INFO] Replacing main artifact /var/jenkins_home/workspace/buy-01-multibranch_main/backend/product-service/target/product-service-0.0.1-SNAPSHOT.jar with repackaged archive, adding nested dependencies in BOOT-INF/.
19:46:09  [INFO] The original artifact has been renamed to /var/jenkins_home/workspace/buy-01-multibranch_main/backend/product-service/target/product-service-0.0.1-SNAPSHOT.jar.original
19:46:09  [INFO] 
19:46:09  [INFO] --- install:3.1.1:install (default-install) @ product-service ---
19:46:09  [INFO] Installing /var/jenkins_home/workspace/buy-01-multibranch_main/backend/product-service/pom.xml to /root/.m2/repository/com/backend/product-service/0.0.1-SNAPSHOT/product-service-0.0.1-SNAPSHOT.pom
19:46:09  [INFO] Installing /var/jenkins_home/workspace/buy-01-multibranch_main/backend/product-service/target/product-service-0.0.1-SNAPSHOT.jar to /root/.m2/repository/com/backend/product-service/0.0.1-SNAPSHOT/product-service-0.0.1-SNAPSHOT.jar
19:46:09  [INFO] 
19:46:09  [INFO] ---------------------< com.backend:media-service >----------------------
19:46:09  [INFO] Building media-service 0.0.1-SNAPSHOT                              [7/8]
19:46:09  [INFO]   from media-service/pom.xml
19:46:09  [INFO] --------------------------------[ jar ]---------------------------------
19:46:09  [INFO] 
19:46:09  [INFO] --- clean:3.2.0:clean (default-clean) @ media-service ---
19:46:09  [INFO] Deleting /var/jenkins_home/workspace/buy-01-multibranch_main/backend/media-service/target
19:46:09  [INFO] 
19:46:09  [INFO] --- jacoco:0.8.11:prepare-agent (prepare-agent) @ media-service ---
19:46:09  [INFO] argLine set to -javaagent:/root/.m2/repository/org/jacoco/org.jacoco.agent/0.8.11/org.jacoco.agent-0.8.11-runtime.jar=destfile=/var/jenkins_home/workspace/buy-01-multibranch_main/backend/media-service/target/jacoco.exec
19:46:09  [INFO] 
19:46:09  [INFO] --- resources:3.3.1:resources (default-resources) @ media-service ---
19:46:09  [WARNING] Using platform encoding (UTF-8 actually) to copy filtered resources, i.e. build is platform dependent!
19:46:09  [INFO] Copying 4 resources from src/main/resources to target/classes
19:46:09  [INFO] 
19:46:09  [INFO] --- compiler:3.13.0:compile (default-compile) @ media-service ---
19:46:09  [INFO] Recompiling the module because of changed dependency.
19:46:09  [INFO] Compiling 8 source files with javac [debug release 17] to target/classes
19:46:10  [INFO] 
19:46:10  [INFO] --- resources:3.3.1:testResources (default-testResources) @ media-service ---
19:46:10  [WARNING] Using platform encoding (UTF-8 actually) to copy filtered resources, i.e. build is platform dependent!
19:46:10  [INFO] Copying 1 resource from src/test/resources to target/test-classes
19:46:10  [INFO] 
19:46:10  [INFO] --- compiler:3.13.0:testCompile (default-testCompile) @ media-service ---
19:46:10  [INFO] Recompiling the module because of changed dependency.
19:46:10  [INFO] Compiling 5 source files with javac [debug release 17] to target/test-classes
19:46:11  [INFO] /var/jenkins_home/workspace/buy-01-multibranch_main/backend/media-service/src/test/java/com/backend/media_service/TestKafkaConfig.java: /var/jenkins_home/workspace/buy-01-multibranch_main/backend/media-service/src/test/java/com/backend/media_service/TestKafkaConfig.java uses unchecked or unsafe operations.
19:46:11  [INFO] /var/jenkins_home/workspace/buy-01-multibranch_main/backend/media-service/src/test/java/com/backend/media_service/TestKafkaConfig.java: Recompile with -Xlint:unchecked for details.
19:46:11  [INFO] 
19:46:11  [INFO] --- surefire:3.2.2:test (default-test) @ media-service ---
19:46:11  [INFO] Tests are skipped.
19:46:11  [INFO] 
19:46:11  [INFO] --- jacoco:0.8.11:report (report) @ media-service ---
19:46:11  [INFO] Skipping JaCoCo execution due to missing execution data file.
19:46:11  [INFO] 
19:46:11  [INFO] --- jar:3.3.0:jar (default-jar) @ media-service ---
19:46:11  [INFO] Building jar: /var/jenkins_home/workspace/buy-01-multibranch_main/backend/media-service/target/media-service-0.0.1-SNAPSHOT.jar
19:46:11  [INFO] 
19:46:11  [INFO] --- spring-boot:3.2.8:repackage (default) @ media-service ---
19:46:11  [INFO] Replacing main artifact /var/jenkins_home/workspace/buy-01-multibranch_main/backend/media-service/target/media-service-0.0.1-SNAPSHOT.jar with repackaged archive, adding nested dependencies in BOOT-INF/.
19:46:11  [INFO] The original artifact has been renamed to /var/jenkins_home/workspace/buy-01-multibranch_main/backend/media-service/target/media-service-0.0.1-SNAPSHOT.jar.original
19:46:11  [INFO] 
19:46:11  [INFO] --- install:3.1.1:install (default-install) @ media-service ---
19:46:11  [INFO] Installing /var/jenkins_home/workspace/buy-01-multibranch_main/backend/media-service/pom.xml to /root/.m2/repository/com/backend/media-service/0.0.1-SNAPSHOT/media-service-0.0.1-SNAPSHOT.pom
19:46:11  [INFO] Installing /var/jenkins_home/workspace/buy-01-multibranch_main/backend/media-service/target/media-service-0.0.1-SNAPSHOT.jar to /root/.m2/repository/com/backend/media-service/0.0.1-SNAPSHOT/media-service-0.0.1-SNAPSHOT.jar
19:46:12  [INFO] 
19:46:12  [INFO] -----------------------< com.backend:dummy-data >-----------------------
19:46:12  [INFO] Building dummy-data 0.0.1-SNAPSHOT                                 [8/8]
19:46:12  [INFO]   from dummy-data/pom.xml
19:46:12  [INFO] --------------------------------[ jar ]---------------------------------
19:46:12  [INFO] 
19:46:12  [INFO] --- clean:3.2.0:clean (default-clean) @ dummy-data ---
19:46:12  [INFO] Deleting /var/jenkins_home/workspace/buy-01-multibranch_main/backend/dummy-data/target
19:46:12  [INFO] 
19:46:12  [INFO] --- jacoco:0.8.11:prepare-agent (prepare-agent) @ dummy-data ---
19:46:12  [INFO] argLine set to -javaagent:/root/.m2/repository/org/jacoco/org.jacoco.agent/0.8.11/org.jacoco.agent-0.8.11-runtime.jar=destfile=/var/jenkins_home/workspace/buy-01-multibranch_main/backend/dummy-data/target/jacoco.exec
19:46:12  [INFO] 
19:46:12  [INFO] --- resources:3.3.1:resources (default-resources) @ dummy-data ---
19:46:12  [WARNING] Using platform encoding (UTF-8 actually) to copy filtered resources, i.e. build is platform dependent!
19:46:12  [INFO] Copying 4 resources from src/main/resources to target/classes
19:46:12  [INFO] 
19:46:12  [INFO] --- compiler:3.13.0:compile (default-compile) @ dummy-data ---
19:46:12  [INFO] Recompiling the module because of changed dependency.
19:46:12  [INFO] Compiling 3 source files with javac [debug release 17] to target/classes
19:46:12  [INFO] /var/jenkins_home/workspace/buy-01-multibranch_main/backend/dummy-data/src/main/java/com/backend/dummy_data/generator/DummyDataGenerator.java: /var/jenkins_home/workspace/buy-01-multibranch_main/backend/dummy-data/src/main/java/com/backend/dummy_data/generator/DummyDataGenerator.java uses unchecked or unsafe operations.
19:46:12  [INFO] /var/jenkins_home/workspace/buy-01-multibranch_main/backend/dummy-data/src/main/java/com/backend/dummy_data/generator/DummyDataGenerator.java: Recompile with -Xlint:unchecked for details.
19:46:12  [INFO] 
19:46:12  [INFO] --- resources:3.3.1:testResources (default-testResources) @ dummy-data ---
19:46:12  [WARNING] Using platform encoding (UTF-8 actually) to copy filtered resources, i.e. build is platform dependent!
19:46:12  [INFO] skip non existing resourceDirectory /var/jenkins_home/workspace/buy-01-multibranch_main/backend/dummy-data/src/test/resources
19:46:12  [INFO] 
19:46:12  [INFO] --- compiler:3.13.0:testCompile (default-testCompile) @ dummy-data ---
19:46:12  [INFO] Recompiling the module because of changed dependency.
19:46:12  [INFO] Compiling 1 source file with javac [debug release 17] to target/test-classes
19:46:12  [INFO] 
19:46:12  [INFO] --- surefire:3.2.2:test (default-test) @ dummy-data ---
19:46:12  [INFO] Tests are skipped.
19:46:12  [INFO] 
19:46:12  [INFO] --- jacoco:0.8.11:report (report) @ dummy-data ---
19:46:12  [INFO] Skipping JaCoCo execution due to missing execution data file.
19:46:12  [INFO] 
19:46:12  [INFO] --- jar:3.3.0:jar (default-jar) @ dummy-data ---
19:46:12  [INFO] Building jar: /var/jenkins_home/workspace/buy-01-multibranch_main/backend/dummy-data/target/dummy-data-0.0.1-SNAPSHOT.jar
19:46:12  [INFO] 
19:46:12  [INFO] --- spring-boot:3.2.8:repackage (default) @ dummy-data ---
19:46:13  [INFO] Replacing main artifact /var/jenkins_home/workspace/buy-01-multibranch_main/backend/dummy-data/target/dummy-data-0.0.1-SNAPSHOT.jar with repackaged archive, adding nested dependencies in BOOT-INF/.
19:46:13  [INFO] The original artifact has been renamed to /var/jenkins_home/workspace/buy-01-multibranch_main/backend/dummy-data/target/dummy-data-0.0.1-SNAPSHOT.jar.original
19:46:13  [INFO] 
19:46:13  [INFO] --- install:3.1.1:install (default-install) @ dummy-data ---
19:46:13  [INFO] Installing /var/jenkins_home/workspace/buy-01-multibranch_main/backend/dummy-data/pom.xml to /root/.m2/repository/com/backend/dummy-data/0.0.1-SNAPSHOT/dummy-data-0.0.1-SNAPSHOT.pom
19:46:13  [INFO] Installing /var/jenkins_home/workspace/buy-01-multibranch_main/backend/dummy-data/target/dummy-data-0.0.1-SNAPSHOT.jar to /root/.m2/repository/com/backend/dummy-data/0.0.1-SNAPSHOT/dummy-data-0.0.1-SNAPSHOT.jar
19:46:13  [INFO] ------------------------------------------------------------------------
19:46:13  [INFO] Reactor Summary for backend 0.0.1-SNAPSHOT:
19:46:13  [INFO] 
19:46:13  [INFO] backend ............................................ SUCCESS [  0.467 s]
19:46:13  [INFO] common ............................................. SUCCESS [  5.179 s]
19:46:13  [INFO] discovery-service .................................. SUCCESS [  2.680 s]
19:46:13  [INFO] API Gateway ........................................ SUCCESS [  3.691 s]
19:46:13  [INFO] user-service ....................................... SUCCESS [  6.210 s]
19:46:13  [INFO] product-service .................................... SUCCESS [  4.757 s]
19:46:13  [INFO] media-service ...................................... SUCCESS [  2.646 s]
19:46:13  [INFO] dummy-data ......................................... SUCCESS [  1.218 s]
19:46:13  [INFO] ------------------------------------------------------------------------
19:46:13  [INFO] BUILD SUCCESS
19:46:13  [INFO] ------------------------------------------------------------------------
19:46:13  [INFO] Total time:  27.426 s
19:46:13  [INFO] Finished at: 2026-01-26T17:46:13Z
19:46:13  [INFO] ------------------------------------------------------------------------
19:46:14  + echo ‚úÖ Backend build completed
19:46:14  ‚úÖ Backend build completed
[Pipeline] }
[Pipeline] // script
[Pipeline] }
[Pipeline] // stage
[Pipeline] }
[Pipeline] // parallel
[Pipeline] }
[Pipeline] // stage
[Pipeline] stage
[Pipeline] { (üß™ Test Backend (Unit))
[Pipeline] script
[Pipeline] {
[Pipeline] echo
19:46:14  üß™ Running backend unit tests...
[Pipeline] echo
19:46:14  Testing user-service...
[Pipeline] sh
19:46:15  + [ -d /var/jenkins_home/workspace/buy-01-multibranch_main/backend/user-service ]
19:46:15  + docker run --rm --volumes-from jenkins-cicd -v jenkins_m2_cache:/root/.m2 -w /var/jenkins_home/workspace/buy-01-multibranch_main/backend maven:3.9.6-amazoncorretto-17 mvn test -B -Dtest=*UnitTest -pl user-service
19:46:19  [INFO] Scanning for projects...
19:46:19  [INFO] 
19:46:19  [INFO] ----------------------< com.backend:user-service >----------------------
19:46:19  [INFO] Building user-service 0.0.1-SNAPSHOT
19:46:19  [INFO]   from pom.xml
19:46:19  [INFO] --------------------------------[ jar ]---------------------------------
19:46:21  [INFO] 
19:46:21  [INFO] --- jacoco:0.8.11:prepare-agent (prepare-agent) @ user-service ---
19:46:21  [INFO] argLine set to -javaagent:/root/.m2/repository/org/jacoco/org.jacoco.agent/0.8.11/org.jacoco.agent-0.8.11-runtime.jar=destfile=/var/jenkins_home/workspace/buy-01-multibranch_main/backend/user-service/target/jacoco.exec
19:46:21  [INFO] 
19:46:21  [INFO] --- resources:3.3.1:resources (default-resources) @ user-service ---
19:46:21  [WARNING] Using platform encoding (UTF-8 actually) to copy filtered resources, i.e. build is platform dependent!
19:46:21  [INFO] Copying 4 resources from src/main/resources to target/classes
19:46:21  [INFO] 
19:46:21  [INFO] --- compiler:3.11.0:compile (default-compile) @ user-service ---
19:46:21  [INFO] Nothing to compile - all classes are up to date
19:46:21  [INFO] 
19:46:21  [INFO] --- resources:3.3.1:testResources (default-testResources) @ user-service ---
19:46:21  [WARNING] Using platform encoding (UTF-8 actually) to copy filtered resources, i.e. build is platform dependent!
19:46:21  [INFO] Copying 2 resources from src/test/resources to target/test-classes
19:46:21  [INFO] 
19:46:21  [INFO] --- compiler:3.11.0:testCompile (default-testCompile) @ user-service ---
19:46:21  [INFO] Nothing to compile - all classes are up to date
19:46:21  [INFO] 
19:46:21  [INFO] --- surefire:3.2.2:test (default-test) @ user-service ---
19:46:21  [INFO] Using auto detected provider org.apache.maven.surefire.junitplatform.JUnitPlatformProvider
19:46:21  [INFO] 
19:46:21  [INFO] -------------------------------------------------------
19:46:21  [INFO]  T E S T S
19:46:21  [INFO] -------------------------------------------------------
19:46:23  [INFO] Running com.backend.user_service.service.UserServiceUnitTest
19:46:24  OpenJDK 64-Bit Server VM warning: Sharing is only supported for boot loader classes because bootstrap classpath has been appended
19:46:27  [INFO] Tests run: 24, Failures: 0, Errors: 0, Skipped: 0, Time elapsed: 3.976 s -- in com.backend.user_service.service.UserServiceUnitTest
19:46:27  [INFO] 
19:46:27  [INFO] Results:
19:46:27  [INFO] 
19:46:27  [INFO] Tests run: 24, Failures: 0, Errors: 0, Skipped: 0
19:46:27  [INFO] 
19:46:27  [INFO] 
19:46:27  [INFO] --- jacoco:0.8.11:report (report) @ user-service ---
19:46:27  [INFO] Loading execution data file /var/jenkins_home/workspace/buy-01-multibranch_main/backend/user-service/target/jacoco.exec
19:46:27  [INFO] Analyzed bundle 'user-service' with 13 classes
19:46:27  [INFO] ------------------------------------------------------------------------
19:46:27  [INFO] BUILD SUCCESS
19:46:27  [INFO] ------------------------------------------------------------------------
19:46:27  [INFO] Total time:  8.887 s
19:46:27  [INFO] Finished at: 2026-01-26T17:46:27Z
19:46:27  [INFO] ------------------------------------------------------------------------
19:46:27  + echo ‚úÖ user-service unit tests passed
19:46:27  ‚úÖ user-service unit tests passed
[Pipeline] echo
19:46:27  Testing product-service...
[Pipeline] sh
19:46:28  + [ -d /var/jenkins_home/workspace/buy-01-multibranch_main/backend/product-service ]
19:46:28  + docker run --rm --volumes-from jenkins-cicd -v jenkins_m2_cache:/root/.m2 -w /var/jenkins_home/workspace/buy-01-multibranch_main/backend maven:3.9.6-amazoncorretto-17 mvn test -B -Dtest=*UnitTest -pl product-service
19:46:29  [INFO] Scanning for projects...
19:46:30  [INFO] 
19:46:30  [INFO] --------------------< com.backend:product-service >---------------------
19:46:30  [INFO] Building product-service 0.0.1-SNAPSHOT
19:46:30  [INFO]   from pom.xml
19:46:30  [INFO] --------------------------------[ jar ]---------------------------------
19:46:31  [INFO] 
19:46:31  [INFO] --- jacoco:0.8.11:prepare-agent (prepare-agent) @ product-service ---
19:46:31  [INFO] argLine set to -javaagent:/root/.m2/repository/org/jacoco/org.jacoco.agent/0.8.11/org.jacoco.agent-0.8.11-runtime.jar=destfile=/var/jenkins_home/workspace/buy-01-multibranch_main/backend/product-service/target/jacoco.exec
19:46:31  [INFO] 
19:46:31  [INFO] --- resources:3.3.1:resources (default-resources) @ product-service ---
19:46:31  [WARNING] Using platform encoding (UTF-8 actually) to copy filtered resources, i.e. build is platform dependent!
19:46:31  [INFO] Copying 4 resources from src/main/resources to target/classes
19:46:31  [INFO] 
19:46:31  [INFO] --- compiler:3.11.0:compile (default-compile) @ product-service ---
19:46:31  [INFO] Nothing to compile - all classes are up to date
19:46:31  [INFO] 
19:46:31  [INFO] --- resources:3.3.1:testResources (default-testResources) @ product-service ---
19:46:31  [WARNING] Using platform encoding (UTF-8 actually) to copy filtered resources, i.e. build is platform dependent!
19:46:31  [INFO] Copying 1 resource from src/test/resources to target/test-classes
19:46:31  [INFO] 
19:46:31  [INFO] --- compiler:3.11.0:testCompile (default-testCompile) @ product-service ---
19:46:31  [INFO] Nothing to compile - all classes are up to date
19:46:31  [INFO] 
19:46:31  [INFO] --- surefire:3.2.2:test (default-test) @ product-service ---
19:46:32  [INFO] Using auto detected provider org.apache.maven.surefire.junitplatform.JUnitPlatformProvider
19:46:32  [INFO] 
19:46:32  [INFO] -------------------------------------------------------
19:46:32  [INFO]  T E S T S
19:46:32  [INFO] -------------------------------------------------------
19:46:33  [INFO] Running com.backend.product_service.service.ProductServiceUnitTest
19:46:34  OpenJDK 64-Bit Server VM warning: Sharing is only supported for boot loader classes because bootstrap classpath has been appended
19:46:37  Get product by productID: product123
19:46:37  sending the delete request
19:46:37  Get product by productID: product123
19:46:37  Get product by productID: nonexistent
19:46:37  Get product by productID: product123
19:46:37  Get product by productID: product123
19:46:37  Get product by productID: product123
19:46:37  [INFO] Tests run: 24, Failures: 0, Errors: 0, Skipped: 0, Time elapsed: 4.139 s -- in com.backend.product_service.service.ProductServiceUnitTest
19:46:37  [INFO] 
19:46:37  [INFO] Results:
19:46:37  [INFO] 
19:46:37  [INFO] Tests run: 24, Failures: 0, Errors: 0, Skipped: 0
19:46:37  [INFO] 
19:46:37  [INFO] 
19:46:37  [INFO] --- jacoco:0.8.11:report (report) @ product-service ---
19:46:37  [INFO] Loading execution data file /var/jenkins_home/workspace/buy-01-multibranch_main/backend/product-service/target/jacoco.exec
19:46:37  [INFO] Analyzed bundle 'product-service' with 15 classes
19:46:38  [INFO] ------------------------------------------------------------------------
19:46:38  [INFO] BUILD SUCCESS
19:46:38  [INFO] ------------------------------------------------------------------------
19:46:38  [INFO] Total time:  8.294 s
19:46:38  [INFO] Finished at: 2026-01-26T17:46:38Z
19:46:38  [INFO] ------------------------------------------------------------------------
19:46:38  + echo ‚úÖ product-service unit tests passed
19:46:38  ‚úÖ product-service unit tests passed
[Pipeline] echo
19:46:38  Testing media-service...
[Pipeline] sh
19:46:38  + [ -d /var/jenkins_home/workspace/buy-01-multibranch_main/backend/media-service ]
19:46:38  + docker run --rm --volumes-from jenkins-cicd -v jenkins_m2_cache:/root/.m2 -w /var/jenkins_home/workspace/buy-01-multibranch_main/backend maven:3.9.6-amazoncorretto-17 mvn test -B -Dtest=*UnitTest -pl media-service
19:46:40  [INFO] Scanning for projects...
19:46:40  [INFO] 
19:46:40  [INFO] ---------------------< com.backend:media-service >----------------------
19:46:40  [INFO] Building media-service 0.0.1-SNAPSHOT
19:46:40  [INFO]   from pom.xml
19:46:40  [INFO] --------------------------------[ jar ]---------------------------------
19:46:42  [INFO] 
19:46:42  [INFO] --- jacoco:0.8.11:prepare-agent (prepare-agent) @ media-service ---
19:46:42  [INFO] argLine set to -javaagent:/root/.m2/repository/org/jacoco/org.jacoco.agent/0.8.11/org.jacoco.agent-0.8.11-runtime.jar=destfile=/var/jenkins_home/workspace/buy-01-multibranch_main/backend/media-service/target/jacoco.exec
19:46:42  [INFO] 
19:46:42  [INFO] --- resources:3.3.1:resources (default-resources) @ media-service ---
19:46:43  [WARNING] Using platform encoding (UTF-8 actually) to copy filtered resources, i.e. build is platform dependent!
19:46:43  [INFO] Copying 4 resources from src/main/resources to target/classes
19:46:43  [INFO] 
19:46:43  [INFO] --- compiler:3.13.0:compile (default-compile) @ media-service ---
19:46:43  [INFO] Nothing to compile - all classes are up to date.
19:46:43  [INFO] 
19:46:43  [INFO] --- resources:3.3.1:testResources (default-testResources) @ media-service ---
19:46:43  [WARNING] Using platform encoding (UTF-8 actually) to copy filtered resources, i.e. build is platform dependent!
19:46:43  [INFO] Copying 1 resource from src/test/resources to target/test-classes
19:46:43  [INFO] 
19:46:43  [INFO] --- compiler:3.13.0:testCompile (default-testCompile) @ media-service ---
19:46:43  [INFO] Nothing to compile - all classes are up to date.
19:46:43  [INFO] 
19:46:43  [INFO] --- surefire:3.2.2:test (default-test) @ media-service ---
19:46:43  [INFO] Using auto detected provider org.apache.maven.surefire.junitplatform.JUnitPlatformProvider
19:46:43  [INFO] 
19:46:43  [INFO] -------------------------------------------------------
19:46:43  [INFO]  T E S T S
19:46:43  [INFO] -------------------------------------------------------
19:46:45  [INFO] Running com.backend.media_service.service.MediaServiceUnitTest
19:46:46  OpenJDK 64-Bit Server VM warning: Sharing is only supported for boot loader classes because bootstrap classpath has been appended
19:46:49  Media deleted!
19:46:49  Media deleted!
19:46:49  [INFO] Tests run: 20, Failures: 0, Errors: 0, Skipped: 0, Time elapsed: 3.663 s -- in com.backend.media_service.service.MediaServiceUnitTest
19:46:49  [INFO] 
19:46:49  [INFO] Results:
19:46:49  [INFO] 
19:46:49  [INFO] Tests run: 20, Failures: 0, Errors: 0, Skipped: 0
19:46:49  [INFO] 
19:46:49  [INFO] 
19:46:49  [INFO] --- jacoco:0.8.11:report (report) @ media-service ---
19:46:49  [INFO] Loading execution data file /var/jenkins_home/workspace/buy-01-multibranch_main/backend/media-service/target/jacoco.exec
19:46:49  [INFO] Analyzed bundle 'media-service' with 6 classes
19:46:49  [INFO] ------------------------------------------------------------------------
19:46:49  [INFO] BUILD SUCCESS
19:46:49  [INFO] ------------------------------------------------------------------------
19:46:49  [INFO] Total time:  9.049 s
19:46:49  [INFO] Finished at: 2026-01-26T17:46:49Z
19:46:49  [INFO] ------------------------------------------------------------------------
19:46:49  + echo ‚úÖ media-service unit tests passed
19:46:49  ‚úÖ media-service unit tests passed
[Pipeline] echo
19:46:49  ‚úÖ All unit tests passed!
[Pipeline] }
[Pipeline] // script
[Pipeline] }
[Pipeline] // stage
[Pipeline] stage
[Pipeline] { (üß™ Test Backend (Integration))
Stage "üß™ Test Backend (Integration)" skipped due to when conditional
[Pipeline] getContext
[Pipeline] }
[Pipeline] // stage
[Pipeline] stage
[Pipeline] { (üß™ Test Frontend)
[Pipeline] script
[Pipeline] {
[Pipeline] echo
19:46:50  üß™ Running frontend unit tests...
[Pipeline] sh
19:46:50  + sort -V
19:46:50  + tail -1
19:46:50  + docker exec jenkins-cicd bash -c ls -d /var/jenkins_home/workspace/buy-01-multibranch_main 2>/dev/null; ls -d /var/jenkins_home/workspace/buy-01-multibranch_main@* 2>/dev/null | grep -v '@tmp' | sort -V | tail -1
19:46:50  + WORKSPACE_PATH=/var/jenkins_home/workspace/buy-01-multibranch_main@2
19:46:50  + [ -z /var/jenkins_home/workspace/buy-01-multibranch_main@2 ]
19:46:50  + echo    Using workspace path: /var/jenkins_home/workspace/buy-01-multibranch_main@2
19:46:50     Using workspace path: /var/jenkins_home/workspace/buy-01-multibranch_main@2
19:46:50  + FRONTEND_PATH=/var/jenkins_home/workspace/buy-01-multibranch_main@2/frontend
19:46:50  + basename /var/jenkins_home/workspace/buy-01-multibranch_main@2
19:46:50  + timeout 180 docker run --rm --volumes-from jenkins-cicd -v /var/jenkins_home/workspace:/workspace --cap-add=SYS_ADMIN -e DBUS_SYSTEM_BUS_ADDRESS=unix:path=/dev/null node:22-alpine sh -c 
19:46:50  # Change to frontend directory
19:46:50  cd /workspace/buy-01-multibranch_main@2/frontend
19:46:50  
19:46:50  # Install chromium-browser for testing
19:46:50  apk add --no-cache chromium chromium-swiftshader
19:46:50  
19:46:50  # Run tests with coverage
19:46:50  npm install --legacy-peer-deps && CHROME_BIN=/usr/bin/chromium npm run test -- --watch=false --browsers=ChromeHeadlessCI --code-coverage
19:46:50  
19:46:50  Unable to find image 'node:22-alpine' locally
19:46:52  22-alpine: Pulling from library/node
19:46:53  fed93f8843f8: Pulling fs layer
19:46:53  f88a575fc127: Pulling fs layer
19:46:53  ba8623286f77: Pulling fs layer
19:46:53  40d60429c1e2: Download complete
19:46:53  ba8623286f77: Download complete
19:46:53  b47fe3160aca: Download complete
19:46:53  fed93f8843f8: Download complete
19:46:55  f88a575fc127: Download complete
19:46:56  ba8623286f77: Pull complete
19:46:56  fed93f8843f8: Pull complete
19:46:56  f88a575fc127: Pull complete
19:46:56  Digest: sha256:a9cd9bac76cf2396abf14ff0d1c3671a8175fe577ce350e62ab0fc1678050176
19:46:56  Status: Downloaded newer image for node:22-alpine
19:46:58  (  1/186) Installing libxau (1.0.12-r0)
19:46:58  (  2/186) Installing libmd (1.1.0-r0)
19:46:58  (  3/186) Installing libbsd (0.12.2-r0)
19:46:58  (  4/186) Installing libxdmcp (1.1.5-r1)
19:46:58  (  5/186) Installing libxcb (1.17.0-r1)
19:46:58  (  6/186) Installing libx11 (1.8.12-r1)
19:46:58  (  7/186) Installing libxext (1.3.6-r2)
19:46:58  (  8/186) Installing hwdata-pci (0.401-r0)
19:46:58  (  9/186) Installing libpciaccess (0.18.1-r1)
19:46:58  ( 10/186) Installing libdrm (2.4.131-r0)
19:46:58  ( 11/186) Installing chromium-angle (144.0.7559.96-r0)
19:46:58  ( 12/186) Installing chromium-common (144.0.7559.96-r0)
19:46:58  ( 13/186) Installing libexpat (2.7.3-r0)
19:46:58  ( 14/186) Installing brotli-libs (1.2.0-r0)
19:46:58  ( 15/186) Installing libbz2 (1.0.8-r6)
19:46:58  ( 16/186) Installing libpng (1.6.54-r0)
19:46:58  ( 17/186) Installing freetype (2.14.1-r0)
19:46:58  ( 18/186) Installing fontconfig (2.17.1-r0)
19:46:58  ( 19/186) Installing libfontenc (1.1.8-r0)
19:46:58  ( 20/186) Installing mkfontscale (1.2.3-r1)
19:46:58  ( 21/186) Installing font-opensans (0_git20210927-r1)
19:46:58  ( 22/186) Installing libffi (3.5.2-r0)
19:46:58  ( 23/186) Installing libintl (0.24.1-r1)
19:46:58  ( 24/186) Installing libeconf (0.8.3-r0)
19:46:58  ( 25/186) Installing libblkid (2.41.2-r0)
19:46:58  ( 26/186) Installing libmount (2.41.2-r0)
19:46:58  ( 27/186) Installing pcre2 (10.47-r0)
19:46:58  ( 28/186) Installing glib (2.86.3-r0)
19:46:58  ( 29/186) Installing gobject-introspection (1.86.0-r0)
19:46:58  ( 30/186) Installing pkgconf (2.5.1-r0)
19:46:58  ( 31/186) Installing hicolor-icon-theme (0.18-r0)
19:46:58  ( 32/186) Installing xz-libs (5.8.2-r0)
19:46:58  ( 33/186) Installing libxml2 (2.13.9-r0)
19:46:59  ( 34/186) Installing shared-mime-info (2.4-r6)
19:46:59  ( 35/186) Installing libjpeg-turbo (3.1.2-r0)
19:46:59  ( 36/186) Installing libsharpyuv (1.6.0-r0)
19:46:59  ( 37/186) Installing libwebp (1.6.0-r0)
19:46:59  ( 38/186) Installing zstd-libs (1.5.7-r2)
19:46:59  ( 39/186) Installing tiff (4.7.1-r0)
19:46:59  ( 40/186) Installing gdk-pixbuf (2.44.4-r0)
19:46:59  ( 41/186) Installing gtk-update-icon-cache (3.24.51-r0)
19:46:59  ( 42/186) Installing libxcomposite (0.4.6-r5)
19:46:59  ( 43/186) Installing libxfixes (6.0.2-r0)
19:46:59  ( 44/186) Installing libxrender (0.9.12-r0)
19:46:59  ( 45/186) Installing libxcursor (1.2.3-r0)
19:46:59  ( 46/186) Installing libxdamage (1.1.6-r5)
19:46:59  ( 47/186) Installing libxi (1.8.2-r0)
19:46:59  ( 48/186) Installing libxinerama (1.1.5-r4)
19:46:59  ( 49/186) Installing libxrandr (1.5.4-r1)
19:46:59  ( 50/186) Installing libatk-1.0 (2.58.3-r0)
19:46:59  ( 51/186) Installing dbus-libs (1.16.2-r1)
19:46:59  ( 52/186) Installing at-spi2-core-libs (2.58.3-r0)
19:46:59  ( 53/186) Installing gdbm (1.26-r0)
19:46:59  ( 54/186) Installing mpdecimal (4.0.1-r0)
19:46:59  ( 55/186) Installing ncurses-terminfo-base (6.5_p20251123-r0)
19:46:59  ( 56/186) Installing libncursesw (6.5_p20251123-r0)
19:46:59  ( 57/186) Installing libpanelw (6.5_p20251123-r0)
19:46:59  ( 58/186) Installing readline (8.3.1-r0)
19:46:59  ( 59/186) Installing sqlite-libs (3.51.2-r0)
19:46:59  ( 60/186) Installing python3 (3.12.12-r0)
19:47:00  ( 61/186) Installing python3-pycache-pyc0 (3.12.12-r0)
19:47:00  ( 62/186) Installing pyc (3.12.12-r0)
19:47:00  ( 63/186) Installing python3-pyc (3.12.12-r0)
19:47:00  ( 64/186) Installing libxtst (1.2.5-r0)
19:47:00  ( 65/186) Installing at-spi2-core (2.58.3-r0)
19:47:00  ( 66/186) Installing libatk-bridge-2.0 (2.58.3-r0)
19:47:00  ( 67/186) Installing pixman (0.46.4-r0)
19:47:00  ( 68/186) Installing cairo (1.18.4-r0)
19:47:00  ( 69/186) Installing cairo-gobject (1.18.4-r0)
19:47:00  ( 70/186) Installing avahi-libs (0.8-r23)
19:47:00  ( 71/186) Installing gmp (6.3.0-r4)
19:47:00  ( 72/186) Installing nettle (3.10.2-r0)
19:47:00  ( 73/186) Installing libunistring (1.4.1-r0)
19:47:00  ( 74/186) Installing libidn2 (2.3.8-r0)
19:47:00  ( 75/186) Installing libtasn1 (4.21.0-r0)
19:47:00  ( 76/186) Installing p11-kit (0.25.5-r2)
19:47:00  ( 77/186) Installing gnutls (3.8.11-r0)
19:47:01  ( 78/186) Installing cups-libs (2.4.16-r0)
19:47:01  ( 79/186) Installing libepoxy (1.5.10-r1)
19:47:01  ( 80/186) Installing fribidi (1.0.16-r2)
19:47:01  ( 81/186) Installing graphite2 (1.3.14-r6)
19:47:01  ( 82/186) Installing harfbuzz (12.2.0-r0)
19:47:01  ( 83/186) Installing libxft (2.3.9-r0)
19:47:01  ( 84/186) Installing pango (1.56.4-r0)
19:47:01  ( 85/186) Installing wayland-libs-client (1.24.0-r0)
19:47:01  ( 86/186) Installing wayland-libs-cursor (1.24.0-r0)
19:47:01  ( 87/186) Installing wayland-libs-egl (1.24.0-r0)
19:47:01  ( 88/186) Installing xkeyboard-config (2.46-r0)
19:47:01  ( 89/186) Installing libxkbcommon (1.12.2-r0)
19:47:01  ( 90/186) Installing gtk+3.0 (3.24.51-r0)
19:47:01  ( 91/186) Installing icu-data-full (76.1-r1)
19:47:02  ( 92/186) Installing llvm21-libs (21.1.2-r1)

19:47:07  ( 93/186) Installing spirv-tools (1.4.321.0-r1)
19:47:07  ( 94/186) Installing libelf (0.194-r0)
19:47:07  ( 95/186) Installing libxshmfence (1.3.3-r0)
19:47:07  ( 96/186) Installing mesa (25.2.7-r1)

19:47:08  ( 97/186) Installing mesa-gbm (25.2.7-r1)
19:47:08  ( 98/186) Installing mesa-dri-gallium (25.2.7-r1)
19:47:08  ( 99/186) Installing eudev-libs (3.2.14-r6)
19:47:08  (100/186) Installing libmagic (5.46-r2)
19:47:08  (101/186) Installing file (5.46-r2)
19:47:08  (102/186) Installing xprop (1.2.8-r0)
19:47:08  (103/186) Installing libice (1.1.2-r0)
19:47:08  (104/186) Installing libuuid (2.41.2-r0)
19:47:08  (105/186) Installing libsm (1.2.6-r0)
19:47:08  (106/186) Installing libxt (1.3.1-r0)
19:47:08  (107/186) Installing libxmu (1.2.1-r0)
19:47:08  (108/186) Installing xset (1.2.5-r1)
19:47:08  (109/186) Installing xdg-utils (1.2.1-r1)
19:47:08  (110/186) Installing libogg (1.3.6-r0)
19:47:08  (111/186) Installing libflac (1.4.3-r2)
19:47:08  (112/186) Installing alsa-lib (1.2.14-r2)
19:47:08  (113/186) Installing libSvtAv1Enc (3.1.2-r0)
19:47:08  (114/186) Installing aom-libs (3.13.1-r0)
19:47:08  (115/186) Installing libva (2.22.0-r1)
19:47:08  (116/186) Installing libvdpau (1.5-r4)
19:47:08  (117/186) Installing ffmpeg-libavutil (8.0.1-r1)

19:47:09  (118/186) Installing libdav1d (1.5.2-r0)
19:47:09  (119/186) Installing libhwy (1.3.0-r0)
19:47:09  (120/186) Installing lcms2 (2.17-r0)
19:47:09  (121/186) Installing libjxl (0.11.1-r3)
19:47:09  (122/186) Installing lame-libs (3.100-r5)
19:47:09  (123/186) Installing opus (1.5.2-r1)
19:47:09  (124/186) Installing rav1e-libs (0.8.1-r0)
19:47:09  (125/186) Installing glslang-libs (1.4.321.0-r0)
19:47:09  (126/186) Installing shaderc (2025.3-r0)
19:47:09  (127/186) Installing libgomp (15.2.0-r2)
19:47:09  (128/186) Installing soxr (0.1.3-r7)
19:47:09  (129/186) Installing ffmpeg-libswresample (8.0.1-r1)
19:47:09  (130/186) Installing libtheora (1.2.0-r0)
19:47:09  (131/186) Installing libvorbis (1.3.7-r2)
19:47:09  (132/186) Installing libvpx (1.15.2-r0)
19:47:09  (133/186) Installing libwebpmux (1.6.0-r0)
19:47:09  (134/186) Installing x264-libs (0.164.3108-r1)
19:47:09  (135/186) Installing numactl (2.0.18-r0)
19:47:09  (136/186) Installing x265-libs (4.1-r0)
19:47:09  (137/186) Installing xvidcore (1.3.7-r2)
19:47:09  (138/186) Installing ffmpeg-libavcodec (8.0.1-r1)

19:47:10  (139/186) Installing libudfread (1.2.0-r0)
19:47:10  (140/186) Installing libbluray (1.4.0-r0)
19:47:10  (141/186) Installing mpg123-libs (1.33.3-r0)
19:47:10  (142/186) Installing libopenmpt (0.8.3-r0)
19:47:10  (143/186) Installing cjson (1.7.19-r1)
19:47:10  (144/186) Installing mbedtls (3.6.5-r0)
19:47:10  (145/186) Installing librist (0.2.10-r1)
19:47:10  (146/186) Installing libsrt (1.5.3-r1)
19:47:10  (147/186) Installing libssh (0.11.3-r0)
19:47:10  (148/186) Installing libsodium (1.0.20-r1)
19:47:10  (149/186) Installing libzmq (4.3.5-r2)
19:47:10  (150/186) Installing ffmpeg-libavformat (8.0.1-r1)
19:47:10  (151/186) Installing crc32c (1.1.2-r3)
19:47:10  (152/186) Installing double-conversion (3.3.1-r0)
19:47:10  (153/186) Installing harfbuzz-subset (12.2.0-r0)
19:47:10  (154/186) Installing minizip (1.3.1-r0)
19:47:10  (155/186) Installing nspr (4.36-r0)
19:47:10  (156/186) Installing nss (3.118.1-r0)

19:47:11  (157/186) Installing openh264 (2.6.0-r0)
19:47:11  (158/186) Installing libpisp (1.2.0-r0)
19:47:11  (159/186) Installing libcamera-ipa (0.6.0-r0)
19:47:11  (160/186) Installing libunwind (1.8.1-r0)
19:47:11  (161/186) Installing yaml (0.2.5-r2)
19:47:11  (162/186) Installing libcamera (0.6.0-r0)
19:47:11  (163/186) Installing serd-libs (0.32.4-r0)
19:47:11  (164/186) Installing zix-libs (0.6.2-r0)
19:47:11  (165/186) Installing sord-libs (0.16.18-r0)
19:47:11  (166/186) Installing sratom (0.6.18-r0)
19:47:11  (167/186) Installing lilv-libs (0.24.26-r0)
19:47:11  (168/186) Installing speexdsp (1.2.1-r2)
19:47:11  (169/186) Installing libuv (1.51.0-r0)
19:47:11  (170/186) Installing roc-toolkit-libs (0.4.0-r1)
19:47:11  (171/186) Installing libsndfile (1.2.2-r2)
19:47:11  (172/186) Installing abseil-cpp-raw-logging-internal (20250814.1-r0)
19:47:11  (173/186) Installing abseil-cpp-strings-internal (20250814.1-r0)
19:47:11  (174/186) Installing abseil-cpp-strings (20250814.1-r0)
19:47:11  (175/186) Installing webrtc-audio-processing-2 (2.1-r1)
19:47:11  (176/186) Installing pipewire-libs (1.4.9-r4)

19:47:12  (177/186) Installing libasyncns (0.8-r4)
19:47:12  (178/186) Installing libltdl (2.5.4-r2)
19:47:12  (179/186) Installing orc (0.4.41-r0)
19:47:12  (180/186) Installing tdb-libs (1.4.14-r0)
19:47:12  (181/186) Installing libpulse (17.0-r5)
19:47:12  (182/186) Installing simdutf (7.5.0-r1)
19:47:12  (183/186) Installing libwebpdemux (1.6.0-r0)
19:47:12  (184/186) Installing libxslt (1.1.43-r3)
19:47:12  (185/186) Installing chromium (144.0.7559.96-r0)

19:47:20  (186/186) Installing chromium-swiftshader (144.0.7559.96-r0)
19:47:20  Executing busybox-1.37.0-r30.trigger
19:47:20  Executing fontconfig-2.17.1-r0.trigger
19:47:20  Executing mkfontscale-1.2.3-r1.trigger
19:47:20  Executing glib-2.86.3-r0.trigger
19:47:20  Executing shared-mime-info-2.4-r6.trigger

19:47:21  Executing gdk-pixbuf-2.44.4-r0.trigger
19:47:21  Executing gtk-update-icon-cache-3.24.51-r0.trigger
19:47:21  Executing gtk+3.0-3.24.51-r0.trigger
19:47:21  OK: 699.1 MiB in 204 packages
19:47:21  npm error code ENOENT
19:47:21  npm error syscall open
19:47:21  npm error path /workspace/buy-01-multibranch_main@2/frontend/package.json
19:47:21  npm error errno -2
19:47:21  npm error enoent Could not read package.json: Error: ENOENT: no such file or directory, open '/workspace/buy-01-multibranch_main@2/frontend/package.json'
19:47:21  npm error enoent This is related to npm not being able to find a file.
19:47:21  npm error enoent
19:47:21  npm error A complete log of this run can be found in: /root/.npm/_logs/2026-01-26T17_47_21_200Z-debug-0.log
[Pipeline] }
[Pipeline] // script

[Pipeline] }
[Pipeline] // stage
[Pipeline] stage
[Pipeline] { (üìä SonarQube Analysis)
Stage "üìä SonarQube Analysis" skipped due to earlier failure(s)
[Pipeline] getContext
[Pipeline] }
[Pipeline] // stage
[Pipeline] stage
[Pipeline] { (üìä Quality Gate)
Stage "üìä Quality Gate" skipped due to earlier failure(s)
[Pipeline] getContext
[Pipeline] }
[Pipeline] // stage
[Pipeline] stage
[Pipeline] { (ÔøΩüê≥ Dockerize & Push)
Stage "ÔøΩüê≥ Dockerize & Push" skipped due to earlier failure(s)
[Pipeline] getContext
[Pipeline] }
[Pipeline] // stage
[Pipeline] stage
[Pipeline] { (üöÄ Deploy Locally)
Stage "üöÄ Deploy Locally" skipped due to earlier failure(s)
[Pipeline] getContext
[Pipeline] }
[Pipeline] // stage
[Pipeline] stage
[Pipeline] { (üöÄ Deploy Remote)
Stage "üöÄ Deploy Remote" skipped due to earlier failure(s)
[Pipeline] getContext
[Pipeline] }
[Pipeline] // stage
[Pipeline] stage
[Pipeline] { (‚úÖ Post-Deployment Verification)
Stage "‚úÖ Post-Deployment Verification" skipped due to earlier failure(s)
[Pipeline] getContext
[Pipeline] }
[Pipeline] // stage
[Pipeline] stage
[Pipeline] { (üì¶ Archive Artifacts)
Stage "üì¶ Archive Artifacts" skipped due to earlier failure(s)
[Pipeline] getContext
[Pipeline] }
[Pipeline] // stage
[Pipeline] stage
[Pipeline] { (Declarative: Post Actions)
[Pipeline] script
[Pipeline] {
[Pipeline] echo
19:47:22  üßπ Pipeline execution completed
[Pipeline] }
[Pipeline] // script
[Pipeline] script
[Pipeline] {
[Pipeline] echo
19:47:22  ‚ùå Pipeline failed!
[Pipeline] sh
19:47:22  + cat .backup/latest-backup-path.txt
19:47:22  + echo 
[Pipeline] echo
19:47:22  Rollback info captured: NO
[Pipeline] emailext
19:47:22  Sending email to: mohammad.kheirkhah@gritlab.ax

[Pipeline] echo
19:47:23  ‚è≠Ô∏è  Skipping GitHub status reporting (SKIP_GITHUB_STATUS=true)
[Pipeline] }
[Pipeline] // script
[Pipeline] }
[Pipeline] // stage
[Pipeline] }
19:47:23  
[Pipeline] // ansiColor
[Pipeline] }
[Pipeline] // timestamps
[Pipeline] }
[Pipeline] // timeout
[Pipeline] }
[Pipeline] // withEnv
[Pipeline] }
[Pipeline] // withCredentials
[Pipeline] }
[Pipeline] // withEnv
[Pipeline] }
[Pipeline] // node
[Pipeline] End of Pipeline
ERROR: script returned exit code 254


GitHub has been notified of this commit‚Äôs build result

Finished: FAILURE
